0 info it worked if it ends with ok
1 verbose cli [ '/usr/local/bin/node', '/usr/local/bin/npm', 'run', 'rename' ]
2 info using npm@3.10.8
3 info using node@v6.9.1
4 verbose run-script [ 'prerename', 'rename', 'postrename' ]
5 info lifecycle Travorama@0.0.0~prerename: Travorama@0.0.0
6 silly lifecycle Travorama@0.0.0~prerename: no script for prerename, continuing
7 info lifecycle Travorama@0.0.0~rename: Travorama@0.0.0
8 verbose lifecycle Travorama@0.0.0~rename: unsafe-perm in lifecycle true
9 verbose lifecycle Travorama@0.0.0~rename: PATH: /usr/local/lib/node_modules/npm/bin/node-gyp-bin:/Users/moonlay/Repository/Carlos/LunggoApp/node_modules/.bin:/usr/local/bin:/usr/bin:/bin:/usr/sbin:/sbin:/Library/Frameworks/Mono.framework/Versions/Current/Commands:/usr/local/git/bin
10 verbose lifecycle Travorama@0.0.0~rename: CWD: /Users/moonlay/Repository/Carlos/LunggoApp
11 silly lifecycle Travorama@0.0.0~rename: Args: [ '-c', 'node ./bin/rename.js' ]
12 silly lifecycle Travorama@0.0.0~rename: Returned: code: 1  signal: null
13 info lifecycle Travorama@0.0.0~rename: Failed to exec rename script
14 verbose stack Error: Travorama@0.0.0 rename: `node ./bin/rename.js`
14 verbose stack Exit status 1
14 verbose stack     at EventEmitter.<anonymous> (/usr/local/lib/node_modules/npm/lib/utils/lifecycle.js:255:16)
14 verbose stack     at emitTwo (events.js:106:13)
14 verbose stack     at EventEmitter.emit (events.js:191:7)
14 verbose stack     at ChildProcess.<anonymous> (/usr/local/lib/node_modules/npm/lib/utils/spawn.js:40:14)
14 verbose stack     at emitTwo (events.js:106:13)
14 verbose stack     at ChildProcess.emit (events.js:191:7)
14 verbose stack     at maybeClose (internal/child_process.js:877:16)
14 verbose stack     at Process.ChildProcess._handle.onexit (internal/child_process.js:226:5)
15 verbose pkgid Travorama@0.0.0
16 verbose cwd /Users/moonlay/Repository/Carlos/LunggoApp
17 error Darwin 17.3.0
18 error argv "/usr/local/bin/node" "/usr/local/bin/npm" "run" "rename"
19 error node v6.9.1
20 error npm  v3.10.8
21 error code ELIFECYCLE
22 error Travorama@0.0.0 rename: `node ./bin/rename.js`
22 error Exit status 1
23 error Failed at the Travorama@0.0.0 rename script 'node ./bin/rename.js'.
23 error Make sure you have the latest version of node.js and npm installed.
23 error If you do, this is most likely a problem with the Travorama package,
23 error not with npm itself.
23 error Tell the author that this fails on your system:
23 error     node ./bin/rename.js
23 error You can get information on how to open an issue for this project with:
23 error     npm bugs Travorama
23 error Or if that isn't available, you can get their info via:
23 error     npm owner ls Travorama
23 error There is likely additional logging output above.
24 verbose exit [ 1, true ]
